2025-12-09 14:41:27,894 DEBUG    root            Loaded Command Group: ['gcloud', 'components']
2025-12-09 14:41:27,927 DEBUG    root            Loaded Command Group: ['gcloud', 'components', 'update']
2025-12-09 14:41:27,929 DEBUG    root            Running [gcloud.components.update] with arguments: [--quiet: "True", COMPONENT-IDS:8: "['gcloud', 'core', 'bq', 'gsutil', 'compute', 'preview', 'alpha', 'beta']"]
2025-12-09 14:41:27,930 INFO     ___FILE_ONLY___ Beginning update. This process may take several minutes.

2025-12-09 14:41:27,938 DEBUG    urllib3.connectionpool Starting new HTTPS connection (1): dl.google.com:443
2025-12-09 14:41:28,862 DEBUG    urllib3.connectionpool https://dl.google.com:443 "GET /dl/cloudsdk/channels/rapid/components-2.json HTTP/1.1" 200 24778
2025-12-09 14:41:28,875 WARNING  root            Component [compute] no longer exists.
2025-12-09 14:41:28,876 INFO     ___FILE_ONLY___ 

2025-12-09 14:41:28,876 INFO     ___FILE_ONLY___ 
Your current Google Cloud CLI version is: 549.0.0

2025-12-09 14:41:28,877 INFO     ___FILE_ONLY___ Installing components from version: 549.0.0

2025-12-09 14:41:28,877 INFO     ___FILE_ONLY___ 

2025-12-09 14:41:28,877 DEBUG    root            Chosen display Format:table[box,title="These components will be removed."](details.display_name:label=Name:align=left,version.version_string:label=Version:align=right,data.size.size(zero="",min=1048576):label=Size:align=right)
2025-12-09 14:41:28,877 DEBUG    root            Chosen display Format:table[box,title="These components will be updated."](details.display_name:label=Name:align=left,version.version_string:label=Version:align=right,data.size.size(zero="",min=1048576):label=Size:align=right)
2025-12-09 14:41:28,878 DEBUG    root            Chosen display Format:table[box,title="These components will be installed."](details.display_name:label=Name:align=left,version.version_string:label=Version:align=right,data.size.size(zero="",min=1048576):label=Size:align=right)
2025-12-09 14:41:28,894 INFO     ___FILE_ONLY___ ┌────────────────────────────────────────────────┐
2025-12-09 14:41:28,894 INFO     ___FILE_ONLY___ 

2025-12-09 14:41:28,894 INFO     ___FILE_ONLY___ │      These components will be installed.       │
2025-12-09 14:41:28,894 INFO     ___FILE_ONLY___ 

2025-12-09 14:41:28,894 INFO     ___FILE_ONLY___ ├─────────────────────────┬────────────┬─────────┤
2025-12-09 14:41:28,894 INFO     ___FILE_ONLY___ 

2025-12-09 14:41:28,894 INFO     ___FILE_ONLY___ │           Name          │  Version   │   Size  │
2025-12-09 14:41:28,894 INFO     ___FILE_ONLY___ 

2025-12-09 14:41:28,894 INFO     ___FILE_ONLY___ ├─────────────────────────┼────────────┼─────────┤
2025-12-09 14:41:28,894 INFO     ___FILE_ONLY___ 

2025-12-09 14:41:28,894 INFO     ___FILE_ONLY___ │ 
2025-12-09 14:41:28,894 INFO     ___FILE_ONLY___ gcloud Alpha Commands  
2025-12-09 14:41:28,894 INFO     ___FILE_ONLY___  
2025-12-09 14:41:28,894 INFO     ___FILE_ONLY___ │ 
2025-12-09 14:41:28,895 INFO     ___FILE_ONLY___ 2025.12.05
2025-12-09 14:41:28,895 INFO     ___FILE_ONLY___  
2025-12-09 14:41:28,895 INFO     ___FILE_ONLY___ │ 
2025-12-09 14:41:28,895 INFO     ___FILE_ONLY___ < 1 MiB
2025-12-09 14:41:28,895 INFO     ___FILE_ONLY___  
2025-12-09 14:41:28,895 INFO     ___FILE_ONLY___ │
2025-12-09 14:41:28,895 INFO     ___FILE_ONLY___ 

2025-12-09 14:41:28,895 INFO     ___FILE_ONLY___ │ 
2025-12-09 14:41:28,895 INFO     ___FILE_ONLY___ gcloud Beta Commands   
2025-12-09 14:41:28,895 INFO     ___FILE_ONLY___  
2025-12-09 14:41:28,895 INFO     ___FILE_ONLY___ │ 
2025-12-09 14:41:28,895 INFO     ___FILE_ONLY___ 2025.12.05
2025-12-09 14:41:28,895 INFO     ___FILE_ONLY___  
2025-12-09 14:41:28,895 INFO     ___FILE_ONLY___ │ 
2025-12-09 14:41:28,896 INFO     ___FILE_ONLY___ < 1 MiB
2025-12-09 14:41:28,896 INFO     ___FILE_ONLY___  
2025-12-09 14:41:28,896 INFO     ___FILE_ONLY___ │
2025-12-09 14:41:28,896 INFO     ___FILE_ONLY___ 

2025-12-09 14:41:28,896 INFO     ___FILE_ONLY___ │ 
2025-12-09 14:41:28,896 INFO     ___FILE_ONLY___ gcloud Preview Commands
2025-12-09 14:41:28,896 INFO     ___FILE_ONLY___  
2025-12-09 14:41:28,896 INFO     ___FILE_ONLY___ │ 
2025-12-09 14:41:28,896 INFO     ___FILE_ONLY___           
2025-12-09 14:41:28,896 INFO     ___FILE_ONLY___  
2025-12-09 14:41:28,896 INFO     ___FILE_ONLY___ │ 
2025-12-09 14:41:28,896 INFO     ___FILE_ONLY___ < 1 MiB
2025-12-09 14:41:28,896 INFO     ___FILE_ONLY___  
2025-12-09 14:41:28,896 INFO     ___FILE_ONLY___ │
2025-12-09 14:41:28,896 INFO     ___FILE_ONLY___ 

2025-12-09 14:41:28,896 INFO     ___FILE_ONLY___ └─────────────────────────┴────────────┴─────────┘
2025-12-09 14:41:28,896 INFO     ___FILE_ONLY___ 

2025-12-09 14:41:28,896 INFO     ___FILE_ONLY___ 

2025-12-09 14:41:28,899 DEBUG    urllib3.connectionpool Starting new HTTPS connection (1): dl.google.com:443
2025-12-09 14:41:29,838 DEBUG    urllib3.connectionpool https://dl.google.com:443 "GET /dl/cloudsdk/channels/rapid/RELEASE_NOTES HTTP/1.1" 200 342027
2025-12-09 14:41:30,370 INFO     ___FILE_ONLY___ For the latest full release notes, please visit:
  https://cloud.google.com/sdk/release_notes


2025-12-09 14:41:30,370 INFO     ___FILE_ONLY___ Performing in place update...


2025-12-09 14:41:30,372 INFO     ___FILE_ONLY___ ╔════════════════════════════════════════════════════════════╗

2025-12-09 14:41:30,372 INFO     ___FILE_ONLY___ ╠═ Downloading: gcloud Alpha Commands                       ═╣

2025-12-09 14:41:30,372 INFO     ___FILE_ONLY___ ╚
2025-12-09 14:41:30,375 DEBUG    urllib3.connectionpool Starting new HTTPS connection (1): dl.google.com:443
2025-12-09 14:41:31,330 DEBUG    urllib3.connectionpool https://dl.google.com:443 "GET /dl/cloudsdk/channels/rapid/components/google-cloud-sdk-alpha-20251205141901.tar.gz HTTP/1.1" 200 800
2025-12-09 14:41:31,330 INFO     ___FILE_ONLY___ ════════════════════════════════════════════════════════════
2025-12-09 14:41:31,330 INFO     ___FILE_ONLY___ ╝

2025-12-09 14:41:31,332 INFO     ___FILE_ONLY___ ╔════════════════════════════════════════════════════════════╗

2025-12-09 14:41:31,333 INFO     ___FILE_ONLY___ ╠═ Downloading: gcloud Beta Commands                        ═╣

2025-12-09 14:41:31,333 INFO     ___FILE_ONLY___ ╚
2025-12-09 14:41:31,335 DEBUG    urllib3.connectionpool Starting new HTTPS connection (1): dl.google.com:443
2025-12-09 14:41:32,274 DEBUG    urllib3.connectionpool https://dl.google.com:443 "GET /dl/cloudsdk/channels/rapid/components/google-cloud-sdk-beta-20251205141901.tar.gz HTTP/1.1" 200 797
2025-12-09 14:41:32,275 INFO     ___FILE_ONLY___ ════════════════════════════════════════════════════════════
2025-12-09 14:41:32,275 INFO     ___FILE_ONLY___ ╝

2025-12-09 14:41:32,277 INFO     ___FILE_ONLY___ ╔════════════════════════════════════════════════════════════╗

2025-12-09 14:41:32,277 INFO     ___FILE_ONLY___ ╠═ Downloading: gcloud Preview Commands                     ═╣

2025-12-09 14:41:32,277 INFO     ___FILE_ONLY___ ╚
2025-12-09 14:41:32,280 DEBUG    urllib3.connectionpool Starting new HTTPS connection (1): dl.google.com:443
2025-12-09 14:41:33,264 DEBUG    urllib3.connectionpool https://dl.google.com:443 "GET /dl/cloudsdk/channels/rapid/components/google-cloud-sdk-preview-20241115154308.tar.gz HTTP/1.1" 200 823
2025-12-09 14:41:33,264 INFO     ___FILE_ONLY___ ════════════════════════════════════════════════════════════
2025-12-09 14:41:33,264 INFO     ___FILE_ONLY___ ╝

2025-12-09 14:41:33,266 INFO     ___FILE_ONLY___ ╔════════════════════════════════════════════════════════════╗

2025-12-09 14:41:33,266 INFO     ___FILE_ONLY___ ╠═ Installing: gcloud Alpha Commands                        ═╣

2025-12-09 14:41:33,267 INFO     ___FILE_ONLY___ ╚
2025-12-09 14:41:33,267 INFO     ___FILE_ONLY___ ════════════════════════════════════════════════════════════
2025-12-09 14:41:33,268 INFO     ___FILE_ONLY___ ╝

2025-12-09 14:41:33,274 INFO     ___FILE_ONLY___ ╔════════════════════════════════════════════════════════════╗

2025-12-09 14:41:33,274 INFO     ___FILE_ONLY___ ╠═ Installing: gcloud Beta Commands                         ═╣

2025-12-09 14:41:33,274 INFO     ___FILE_ONLY___ ╚
2025-12-09 14:41:33,275 INFO     ___FILE_ONLY___ ════════════════════════════════════════════════════════════
2025-12-09 14:41:33,275 INFO     ___FILE_ONLY___ ╝

2025-12-09 14:41:33,279 INFO     ___FILE_ONLY___ ╔════════════════════════════════════════════════════════════╗

2025-12-09 14:41:33,279 INFO     ___FILE_ONLY___ ╠═ Installing: gcloud Preview Commands                      ═╣

2025-12-09 14:41:33,279 INFO     ___FILE_ONLY___ ╚
2025-12-09 14:41:33,280 INFO     ___FILE_ONLY___ ════════════════════════════════════════════════════════════
2025-12-09 14:41:33,280 INFO     ___FILE_ONLY___ ╝

2025-12-09 14:41:33,285 DEBUG    root            Updating notification cache...
2025-12-09 14:41:33,286 INFO     ___FILE_ONLY___ 

2025-12-09 14:41:33,287 INFO     ___FILE_ONLY___ Performing post processing steps...
2025-12-09 14:41:33,288 DEBUG    root            Executing command: ['/tools/google-cloud-sdk/bin/gcloud', 'components', 'post-process']
2025-12-09 14:41:42,016 DEBUG    ___FILE_ONLY___ 
2025-12-09 14:41:42,016 DEBUG    ___FILE_ONLY___ 
2025-12-09 14:41:42,054 INFO     root            descriptor_list: [{'universeDomain': 'googleapis.com', 'universeShortName': '', 'authenticationDomain': 'auth.cloud.google.com', 'projectPrefix': '', 'cloudWebDomain': 'cloud.google.com', 'documentationDomain': 'cloud.google.com', 'version': '1.0.0', 'state': 'primary', 'artifactRegistryDomain': 'pkg.dev'}]
2025-12-09 14:41:42,054 INFO     ___FILE_ONLY___ 
Update done!


2025-12-09 14:41:42,057 DEBUG    root            Chosen display Format:none
2025-12-09 14:41:42,057 INFO     root            Display format: "none"
